<?xml version="1.0" encoding="UTF-8"?>
<testng-results total="1" passed="1" failed="0" skipped="0">
  <reporter-output>
  </reporter-output>
  <suite started-at="2021-09-07T06:14:34Z" name="Test" finished-at="2021-09-07T06:14:42Z" duration-ms="7920">
    <groups>
    </groups>
    <test started-at="2021-09-07T06:14:34Z" name="Command line test" finished-at="2021-09-07T06:14:42Z" duration-ms="7920">
      <class name="Test">
        <test-method signature="m1()[pri:0, instance:Test@6d2a209c]" started-at="2021-09-07T11:44:34Z" name="m1" finished-at="2021-09-07T11:44:42Z" duration-ms="7905" status="PASS">
          <reporter-output>
          </reporter-output>
        </test-method> <!-- m1 -->
      </class> <!-- Test -->
    </test> <!-- Command line test -->
  </suite> <!-- Test -->
</testng-results>
